+++ Game time: Day: 50, 9:00
==========================================
Character: Ichika
============= Personal flags =============
Flag: brothel_ask_job, 1
Flag: previous_milking_hour, 16
Flag: cafe_2f_work, 1
Flag: mt_collected_pancakes, 1
Flag: start_waking_process, 1
Flag: previous_milking_day, 48
Flag: fcafe_getwork, 1
Flag: fcafe_waitress, 1
Flag: muffin_top_quest, 3
Flag: bshape_test_done, 1
Flag: neferi_intro, 1

+++ Game time: Day: 50, 9:00
============= Global flags =============
Flag: fun_house_found, 1
Flag: kiana_forest_meet, 1
Flag: found_hot_lips, 1
Flag: first_use_of_proxy, 1
Flag: home_breast_scanner, 1
Flag: agency_timer, 2
Flag: kiana_seaside_meet, 1
Flag: book_t_beasts, 1
Flag: gestamin_ready, 806
Flag: david_talk_about_hold, 1
Flag: found_todd, 1
Flag: visit_david, 1
Flag: color_selection, 0
Flag: genki_last_search, 1207
Flag: found_uren, 2
Flag: muffin_top_next_stage, 40
Flag: fcafe_now_about_lowhall, 1
Flag: genki_patients, 2
Flag: kiana_hello_days, 41
Flag: muffin_top_open_at, 16
Flag: todd_left_early, 0
Flag: found_felis, 1
Flag: muffin_top_quest, 2
Flag: read_informative_books, 1
Flag: belanika_intro, 1
Flag: felis_stage, 1
Flag: hospital_found, 1
Flag: kiana_village_know, 1
Flag: now_about_fcafe, 1
Flag: daria_pendant, 1
Flag: found_swimming, 1
Flag: fetish_cafe_found, 1
Flag: hot_lips_found, 1
Flag: kiana_village_path, 1
Flag: kiana_friend, 1
Flag: belanika_quest, 3
Flag: auto_talk_at_start_walking, 1
Flag: found_outskirt_brothel, 2
Flag: uren_quest_done, 1
Flag: found_genki, 1
============= Global text flags =============
Flag: vicky_uid, a7e4d6c9-3125-4eb9-808e-333c9b2d08d5
Flag: belanika_uid, 510af3e7-84ba-4955-b162-d58e8e8c95a5
Flag: gene_mod_selection, generic.str
Flag: kiana_place, seafront
Flag: kiana_uid, 01c2d6c3-686e-47d7-818a-e743e65a2d2c

