+++ Game time: Day: 132, 14:00
===============================================
Compiled script error! Look in script: 

pat = icalc.Attraction(proxy, iTarget) / 10;
tat = icalc.Attraction(iTarget, proxy) / 10;
sysprint ("Attraction to "+iTarget.getName()+" = "+pat);
sysprint ("Attraction to "+proxy.getName()+" = "+tat);
LustShame(pat, 10); 
LustShame(iTarget, tat +proxy.getStat("skill.massage")/4, 20);
proxy.addStat("skill.massage", 0.4)
<% proxy.addStat("skill.desireforfat", 0.1); "";
-----------------------------------------------
[Error: illegal use of operator: %]
[Near : {... <% proxy.addStat("skill.desiref ....}]
              ^
[Line: 9, Column: 2]
-----------------------------------------------
Current variables context: 5c962082-2601-4f9d-8881-2444e5093195  Used: 727 time(s).
-----------------------------------------------
{GeneProcessor=class fetishmaster.bio.GeneProcessor, game=class fetishmaster.engine.GameEngine, Creature=class fetishmaster.bio.Creature, InternalClock=class fetishmaster.engine.scripts.InternalClock, icalc=class fetishmaster.interaction.InteractionCalc, enemy=Client, age 19y.o., ubw=-1.1377438531336779, iTarget=Client, age 19y.o., selectedWorker=Daria, age 23y.o., characters=[Aidan, age 32y.o., Belanika, age 26y.o., Daria, age 23y.o., Eita, age 21y.o., Ichika, age 27y.o., Kiana, age 18y.o., Konrad, age 29y.o., Merril, age 19y.o., Mira, age 19y.o., Riley, age 25y.o., Romul, age 29y.o., Sakura, age 32y.o., Takeshi, age 28y.o., Vicky, age 22y.o., julia, age 16y.o.], activePartner=Daria, age 23y.o., world=class fetishmaster.engine.scripts.WorldScripts, client=Client, age 19y.o., map=class java.util.HashMap, workers=[Daria, age 23y.o., Ichika, age 27y.o., Konrad, age 29y.o.], player=Player, age 0y.o., res=green, item=class fetishmaster.items.ItemProcessor, pat=7.505473288232411, debug=class fetishmaster.utils.Debug, Agency=class fetishmaster.engine.scripts.Agency, c=Client, age 19y.o., agency=class fetishmaster.engine.scripts.Agency, ctv=Client, age 19y.o., CreatureProcessor=class fetishmaster.bio.CreatureProcessor, tat=4.96972536484981, Calc=class fetishmaster.utils.Calc, clock=fetishmaster.components.GameClock@4ea7ba, list=class java.util.ArrayList, Geometry=class fetishmaster.utils.GeometryCalc, str=45.808494643508965, proxy=Daria, age 23y.o., GeometryCalc=class fetishmaster.utils.GeometryCalc, interCalc=class fetishmaster.interaction.InteractionCalc, self=Daria, age 23y.o., geometry=class fetishmaster.utils.GeometryCalc, calc=class fetishmaster.utils.Calc, creature=class fetishmaster.bio.Creature, status=class fetishmaster.engine.scripts.Status}
===============================================


+++ Game time: Day: 132, 14:00
===============================================
Compiled script error! Look in script: 
Include("sex/calc_rub_belly"); "";
-----------------------------------------------
[Error: Include("sex/calc_rub_belly"): null]
[Near : {... Include("sex/calc_rub_belly"); ....}]
             ^
[Line: 1, Column: 1]
-----------------------------------------------
Current variables context: 5c962082-2601-4f9d-8881-2444e5093195  Used: 727 time(s).
-----------------------------------------------
{GeneProcessor=class fetishmaster.bio.GeneProcessor, game=class fetishmaster.engine.GameEngine, Creature=class fetishmaster.bio.Creature, InternalClock=class fetishmaster.engine.scripts.InternalClock, icalc=class fetishmaster.interaction.InteractionCalc, enemy=Client, age 19y.o., ubw=-1.1377438531336779, iTarget=Client, age 19y.o., selectedWorker=Daria, age 23y.o., characters=[Aidan, age 32y.o., Belanika, age 26y.o., Daria, age 23y.o., Eita, age 21y.o., Ichika, age 27y.o., Kiana, age 18y.o., Konrad, age 29y.o., Merril, age 19y.o., Mira, age 19y.o., Riley, age 25y.o., Romul, age 29y.o., Sakura, age 32y.o., Takeshi, age 28y.o., Vicky, age 22y.o., julia, age 16y.o.], activePartner=Daria, age 23y.o., world=class fetishmaster.engine.scripts.WorldScripts, client=Client, age 19y.o., map=class java.util.HashMap, workers=[Daria, age 23y.o., Ichika, age 27y.o., Konrad, age 29y.o.], player=Player, age 0y.o., res=green, item=class fetishmaster.items.ItemProcessor, pat=7.505473288232411, debug=class fetishmaster.utils.Debug, Agency=class fetishmaster.engine.scripts.Agency, c=Client, age 19y.o., agency=class fetishmaster.engine.scripts.Agency, ctv=Client, age 19y.o., CreatureProcessor=class fetishmaster.bio.CreatureProcessor, tat=4.96972536484981, Calc=class fetishmaster.utils.Calc, clock=fetishmaster.components.GameClock@4ea7ba, list=class java.util.ArrayList, Geometry=class fetishmaster.utils.GeometryCalc, str=45.808494643508965, proxy=Daria, age 23y.o., GeometryCalc=class fetishmaster.utils.GeometryCalc, interCalc=class fetishmaster.interaction.InteractionCalc, self=Daria, age 23y.o., geometry=class fetishmaster.utils.GeometryCalc, calc=class fetishmaster.utils.Calc, creature=class fetishmaster.bio.Creature, status=class fetishmaster.engine.scripts.Status}
===============================================


